<?xml version="1.0" encoding="UTF-8"?>
<!-- Generated by org.testng.reporters.JUnitReportReporter -->
<testsuite hostname="DESKTOP-VQ8QIM3" failures="0" tests="1" name="projekat.tests.MainProgram" time="18.196" errors="0" timestamp="2020-04-01T14:48:20 CEST" skipped="0">
  <testcase classname="projekat.tests.MainProgram" name="registerUser" time="18.196"/>
  <system-out/>
</testsuite> <!-- projekat.tests.MainProgram -->
