<?xml version="1.0" encoding="UTF-8"?>
<!-- Generated by org.testng.reporters.JUnitReportReporter -->
<testsuite hostname="DESKTOP-VQ8QIM3" failures="0" tests="1" name="project.tests.MainProgram" time="26.409" errors="0" timestamp="2020-04-03T19:26:03 CEST" skipped="0">
  <testcase classname="project.tests.MainProgram" name="registerUser" time="26.409"/>
  <system-out/>
</testsuite> <!-- project.tests.MainProgram -->
